<?xml version="1.0" encoding="UTF-8"?>
<!-- Generated by org.testng.reporters.JUnitReportReporter -->
<testsuite hostname="Subhankar-DESKTOP-JVFSMT7" failures="0" tests="1" name="com.dropdownpractice.TestNGRnD2" time="0.001" errors="0" timestamp="2024-06-10T01:49:43 GMT-04:00" skipped="0">
  <testcase classname="com.dropdownpractice.TestNGRnD2" name="A" time="0.001"/>
</testsuite> <!-- com.dropdownpractice.TestNGRnD2 -->
