<?xml version="1.0" encoding="UTF-8"?>
<!-- Generated by org.testng.reporters.JUnitReportReporter -->
<testsuite hostname="Subhankar-DESKTOP-JVFSMT7" failures="0" tests="1" name="practice.com.JSPopUp" time="19.650" errors="0" timestamp="2024-03-16T16:05:08 GMT-04:00" skipped="0">
  <testcase classname="practice.com.JSPopUp" name="dynamicdopdown" time="19.650"/>
</testsuite> <!-- practice.com.JSPopUp -->
