<?xml version="1.0" encoding="UTF-8"?>
<!-- Generated by org.testng.reporters.JUnitReportReporter -->
<testsuite hostname="Subhankar-DESKTOP-JVFSMT7" failures="0" tests="1" name="practice.com.PracticeA" time="25.530" errors="0" timestamp="2024-03-15T04:33:47 GMT-04:00" skipped="0">
  <testcase classname="practice.com.PracticeA" name="dynamicdopdown" time="25.530"/>
</testsuite> <!-- practice.com.PracticeA -->
