<?xml version="1.0" encoding="UTF-8"?>
<!-- Generated by org.testng.reporters.JUnitReportReporter -->
<testsuite hostname="Subhankar-DESKTOP-JVFSMT7" failures="0" tests="1" name="practice.com.ShoppingCart" time="0.960" errors="0" timestamp="2024-10-18T01:16:41 GMT-04:00" skipped="0">
  <testcase classname="practice.com.ShoppingCart" name="dynamicdopdown" time="0.960"/>
</testsuite> <!-- practice.com.ShoppingCart -->
