<?xml version="1.0" encoding="UTF-8"?>
<!-- Generated by org.testng.reporters.JUnitReportReporter -->
<testsuite hostname="Subhankar-DESKTOP-JVFSMT7" failures="0" tests="2" name="com.dropdownpractice.TestNGRnD" time="0.009" errors="0" timestamp="2024-10-18T01:18:17 GMT-04:00" skipped="0">
  <testcase classname="com.dropdownpractice.TestNGRnD" name="A" time="0.007"/>
  <testcase classname="com.dropdownpractice.TestNGRnD" name="AB" time="0.002"/>
</testsuite> <!-- com.dropdownpractice.TestNGRnD -->
