<?xml version="1.0" encoding="UTF-8"?>
<!-- Generated by org.testng.reporters.JUnitReportReporter -->
<testsuite hostname="Subhankar-DESKTOP-JVFSMT7" failures="0" tests="1" name="com.dropdownpractice.DropdownPracticeTest" time="0.001" errors="0" timestamp="2025-07-20T11:00:31 GMT-04:00" skipped="0">
  <testcase classname="com.dropdownpractice.DropdownPracticeTest" name="secondgroup" time="0.001"/>
</testsuite> <!-- com.dropdownpractice.DropdownPracticeTest -->
